<?xml version="1.0" encoding="UTF-8"?>
<testng-results skipped="0" failed="0" ignored="0" total="1" passed="1">
  <reporter-output>
  </reporter-output>
  <suite name="Default suite" duration-ms="20364" started-at="2020-11-27T11:11:09Z" finished-at="2020-11-27T11:11:29Z">
    <groups>
    </groups>
    <test name="Default test" duration-ms="20364" started-at="2020-11-27T11:11:09Z" finished-at="2020-11-27T11:11:29Z">
      <class name="com.testCases.paypal.CreateOrderTest">
        <test-method status="PASS" signature="setUp()[pri:0, instance:com.testCases.paypal.CreateOrderTest@61832929]" name="setUp" is-config="true" duration-ms="6217" started-at="2020-11-27T11:11:02Z" finished-at="2020-11-27T11:11:09Z">
          <reporter-output>
          </reporter-output>
        </test-method> <!-- setUp -->
        <test-method status="PASS" signature="createOrder()[pri:0, instance:com.testCases.paypal.CreateOrderTest@61832929]" name="createOrder" duration-ms="20173" started-at="2020-11-27T11:11:09Z" finished-at="2020-11-27T11:11:29Z">
          <reporter-output>
          </reporter-output>
        </test-method> <!-- createOrder -->
      </class> <!-- com.testCases.paypal.CreateOrderTest -->
    </test> <!-- Default test -->
  </suite> <!-- Default suite -->
</testng-results>
